<?xml version="1.0" encoding="UTF-8"?>
<!-- Generated by org.testng.reporters.JUnitXMLReporter -->
<testsuite hostname="LAPTOP-1D78PSH8" name="Test" tests="19" failures="1" timestamp="13 Jul 2017 05:55:46 GMT" time="319.685" errors="0">
  <testcase name="testVerifySendingEmail" time="14.083" classname="testcases.VerifyEmail"/>
  <testcase name="TestProcessingOfEmail" time="4.768" classname="testcases.VerifyEmail"/>
  <testcase name="TestUnProcessingOfEmail" time="4.663" classname="testcases.VerifyEmail"/>
  <testcase name="TestBatchProcessingOfEmail" time="13.076" classname="testcases.VerifyEmail"/>
  <testcase name="TestBatchUnProcessingOfEmail" time="10.684" classname="testcases.VerifyEmail"/>
  <testcase name="testTagToTopic" time="11.452" classname="testcases.VerifyEmail4"/>
  <testcase name="testBatchTagToTopic" time="14.025" classname="testcases.VerifyEmail4"/>
  <testcase name="testMoveToSpam" time="5.385" classname="testcases.VerifyEmail1"/>
  <testcase name="testMarkAsNotSpam" time="3.349" classname="testcases.VerifyEmail1"/>
  <testcase name="TestBatchMovetoSpamOfEmail" time="11.215" classname="testcases.VerifyEmail1"/>
  <testcase name="TestBatchMovetoInboxOfSpamEmail" time="12.631" classname="testcases.VerifyEmail1"/>
  <testcase name="testMarkAsUnread" time="9.549" classname="testcases.VerifyEmail3"/>
  <testcase name="testBatchUnread" time="9.874" classname="testcases.VerifyEmail3"/>
  <testcase name="testBatchRead" time="13.136" classname="testcases.VerifyEmail3"/>
  <testcase name="testMoveToTrash" time="5.383" classname="testcases.VerifyEmail2"/>
  <testcase name="testMoveToInboxFromTrashListing" time="4.489" classname="testcases.VerifyEmail2"/>
  <testcase name="TestBatchMoveToTrash" time="12.237" classname="testcases.VerifyEmail2"/>
  <testcase name="TestBatchMovetoInboxOfTrashEmail" time="12.843" classname="testcases.VerifyEmail2"/>
  <testcase name="TestDeleteForever" time="68.921" classname="testcases.VerifyEmail2">
    <failure type="org.openqa.selenium.TimeoutException" message="Expected condition failed: waiting for visibility of all [] (tried for 20 second(s) with 500 MILLISECONDS interval)
Build info: version: &amp;apos;3.4.0&amp;apos;, revision: &amp;apos;unknown&amp;apos;, time: &amp;apos;unknown&amp;apos;
System info: host: &amp;apos;LAPTOP-1D78PSH8&amp;apos;, ip: &amp;apos;192.168.132.2&amp;apos;, os.name: &amp;apos;Windows 10&amp;apos;, os.arch: &amp;apos;amd64&amp;apos;, os.version: &amp;apos;10.0&amp;apos;, java.version: &amp;apos;1.8.0_101&amp;apos;
Driver info: org.openqa.selenium.chrome.ChromeDriver
Capabilities [{applicationCacheEnabled=false, rotatable=false, mobileEmulationEnabled=false, networkConnectionEnabled=false, chrome={chromedriverVersion=2.29.461591 (62ebf098771772160f391d75e589dc567915b233), userDataDir=C:\Users\Praveen\AppData\Local\Temp\scoped_dir5772_4785}, takesHeapSnapshot=true, pageLoadStrategy=normal, databaseEnabled=false, handlesAlerts=true, hasTouchScreen=false, version=59.0.3071.115, platform=XP, browserConnectionEnabled=false, nativeEvents=true, acceptSslCerts=true, locationContextEnabled=true, webStorageEnabled=true, browserName=chrome, takesScreenshot=true, javascriptEnabled=true, cssSelectorsEnabled=true, unexpectedAlertBehaviour=}]
Session ID: 8d69b1ca1710d214b59b31e21d7b6f6d">
      <![CDATA[org.openqa.selenium.TimeoutException: Expected condition failed: waiting for visibility of all [] (tried for 20 second(s) with 500 MILLISECONDS interval)
Build info: version: '3.4.0', revision: 'unknown', time: 'unknown'
System info: host: 'LAPTOP-1D78PSH8', ip: '192.168.132.2', os.name: 'Windows 10', os.arch: 'amd64', os.version: '10.0', java.version: '1.8.0_101'
Driver info: org.openqa.selenium.chrome.ChromeDriver
Capabilities [{applicationCacheEnabled=false, rotatable=false, mobileEmulationEnabled=false, networkConnectionEnabled=false, chrome={chromedriverVersion=2.29.461591 (62ebf098771772160f391d75e589dc567915b233), userDataDir=C:\Users\Praveen\AppData\Local\Temp\scoped_dir5772_4785}, takesHeapSnapshot=true, pageLoadStrategy=normal, databaseEnabled=false, handlesAlerts=true, hasTouchScreen=false, version=59.0.3071.115, platform=XP, browserConnectionEnabled=false, nativeEvents=true, acceptSslCerts=true, locationContextEnabled=true, webStorageEnabled=true, browserName=chrome, takesScreenshot=true, javascriptEnabled=true, cssSelectorsEnabled=true, unexpectedAlertBehaviour=}]
Session ID: 8d69b1ca1710d214b59b31e21d7b6f6d
	at org.openqa.selenium.support.ui.WebDriverWait.timeoutException(WebDriverWait.java:80)
	at org.openqa.selenium.support.ui.FluentWait.until(FluentWait.java:232)
	at Pages.MailPage.GetemailSubjects(MailPage.java:148)
	at testcases.VerifyEmail2.TestDeleteForever(VerifyEmail2.java:168)
	at org.apache.maven.surefire.testng.TestNGExecutor.run(TestNGExecutor.java:293)
	at org.apache.maven.surefire.testng.TestNGXmlTestSuite.execute(TestNGXmlTestSuite.java:84)
	at org.apache.maven.surefire.testng.TestNGProvider.invoke(TestNGProvider.java:91)
	at org.apache.maven.surefire.booter.ForkedBooter.invokeProviderInSameClassLoader(ForkedBooter.java:200)
	at org.apache.maven.surefire.booter.ForkedBooter.runSuitesInProcess(ForkedBooter.java:153)
	at org.apache.maven.surefire.booter.ForkedBooter.main(ForkedBooter.java:103)
... Removed 21 stack frames]]>
    </failure>
  </testcase> <!-- TestDeleteForever -->
</testsuite> <!-- Test -->
