<?xml version="1.0" encoding="UTF-8"?>
<testsuite name="TestSuite" time="155.005" tests="20" errors="0" skipped="0" failures="1">
  <properties>
    <property name="java.runtime.name" value="Java(TM) SE Runtime Environment"/>
    <property name="sun.boot.library.path" value="C:\Program Files\Java\jdk1.8.0_101\jre\bin"/>
    <property name="java.vm.version" value="25.101-b13"/>
    <property name="java.vm.vendor" value="Oracle Corporation"/>
    <property name="maven.multiModuleProjectDirectory" value="C:\Users\Praveen\git\IRIIISAutomation"/>
    <property name="java.vendor.url" value="http://java.oracle.com/"/>
    <property name="path.separator" value=";"/>
    <property name="guice.disable.misplaced.annotation.check" value="true"/>
    <property name="java.vm.name" value="Java HotSpot(TM) 64-Bit Server VM"/>
    <property name="file.encoding.pkg" value="sun.io"/>
    <property name="user.script" value=""/>
    <property name="user.country" value="IN"/>
    <property name="sun.java.launcher" value="SUN_STANDARD"/>
    <property name="sun.os.patch.level" value=""/>
    <property name="java.vm.specification.name" value="Java Virtual Machine Specification"/>
    <property name="user.dir" value="C:\Users\Praveen\git\IRIIISAutomation"/>
    <property name="java.runtime.version" value="1.8.0_101-b13"/>
    <property name="java.awt.graphicsenv" value="sun.awt.Win32GraphicsEnvironment"/>
    <property name="java.endorsed.dirs" value="C:\Program Files\Java\jdk1.8.0_101\jre\lib\endorsed"/>
    <property name="os.arch" value="amd64"/>
    <property name="java.io.tmpdir" value="C:\Users\Praveen\AppData\Local\Temp\"/>
    <property name="line.separator" value="&#10;"/>
    <property name="java.vm.specification.vendor" value="Oracle Corporation"/>
    <property name="user.variant" value=""/>
    <property name="os.name" value="Windows 10"/>
    <property name="classworlds.conf" value="D:\IRIIIS Automation\.metadata\.plugins\org.eclipse.m2e.launching\launches\m2conf6997566421687908277.tmp"/>
    <property name="sun.jnu.encoding" value="Cp1252"/>
    <property name="java.library.path" value="C:\Program Files\Java\jdk1.8.0_101\bin;C:\WINDOWS\Sun\Java\bin;C:\WINDOWS\system32;C:\WINDOWS;C:/Program Files/Java/jre1.8.0_101/bin/server;C:/Program Files/Java/jre1.8.0_101/bin;C:/Program Files/Java/jre1.8.0_101/lib/amd64;C:\ProgramData\Oracle\Java\javapath;C:\WINDOWS\system32;C:\WINDOWS;C:\WINDOWS\System32\Wbem;C:\WINDOWS\System32\WindowsPowerShell\v1.0\;C:\Program Files (x86)\Common Files\lenovo\easyplussdk\bin;C:\Program Files\Intel\WiFi\bin\;C:\Program Files\Common Files\Intel\WirelessCommon\;C:\Program Files (x86)\Skype\Phone\;C:\Program Files\nodejs\;C:\Program Files\Amazon\AWSCLI\;C:\Users\Praveen\AppData\Local\Microsoft\WindowsApps;C:\Users\Praveen\AppData\Roaming\npm;C:\Users\Praveen\Desktop\Issues;;."/>
    <property name="java.specification.name" value="Java Platform API Specification"/>
    <property name="java.class.version" value="52.0"/>
    <property name="sun.management.compiler" value="HotSpot 64-Bit Tiered Compilers"/>
    <property name="os.version" value="10.0"/>
    <property name="user.home" value="C:\Users\Praveen"/>
    <property name="user.timezone" value="Asia/Calcutta"/>
    <property name="java.awt.printerjob" value="sun.awt.windows.WPrinterJob"/>
    <property name="java.specification.version" value="1.8"/>
    <property name="file.encoding" value="Cp1252"/>
    <property name="user.name" value="Praveen"/>
    <property name="java.class.path" value="/C:/Users/Praveen/eclipse/java-neon/eclipse/../../../.p2/pool/plugins/org.eclipse.m2e.maven.runtime_1.7.0.20160603-1931/jars/plexus-classworlds-2.5.2.jar"/>
    <property name="java.vm.specification.version" value="1.8"/>
    <property name="sun.arch.data.model" value="64"/>
    <property name="java.home" value="C:\Program Files\Java\jdk1.8.0_101\jre"/>
    <property name="sun.java.command" value="org.codehaus.plexus.classworlds.launcher.Launcher -B install"/>
    <property name="java.specification.vendor" value="Oracle Corporation"/>
    <property name="user.language" value="en"/>
    <property name="awt.toolkit" value="sun.awt.windows.WToolkit"/>
    <property name="java.vm.info" value="mixed mode"/>
    <property name="java.version" value="1.8.0_101"/>
    <property name="java.ext.dirs" value="C:\Program Files\Java\jdk1.8.0_101\jre\lib\ext;C:\WINDOWS\Sun\Java\lib\ext"/>
    <property name="sun.boot.class.path" value="C:\Program Files\Java\jdk1.8.0_101\jre\lib\resources.jar;C:\Program Files\Java\jdk1.8.0_101\jre\lib\rt.jar;C:\Program Files\Java\jdk1.8.0_101\jre\lib\sunrsasign.jar;C:\Program Files\Java\jdk1.8.0_101\jre\lib\jsse.jar;C:\Program Files\Java\jdk1.8.0_101\jre\lib\jce.jar;C:\Program Files\Java\jdk1.8.0_101\jre\lib\charsets.jar;C:\Program Files\Java\jdk1.8.0_101\jre\lib\jfr.jar;C:\Program Files\Java\jdk1.8.0_101\jre\classes"/>
    <property name="java.vendor" value="Oracle Corporation"/>
    <property name="maven.home" value="C:\Users\Praveen\git\IRIIISAutomation\EMBEDDED"/>
    <property name="file.separator" value="\"/>
    <property name="java.vendor.url.bug" value="http://bugreport.sun.com/bugreport/"/>
    <property name="sun.cpu.endian" value="little"/>
    <property name="sun.io.unicode.encoding" value="UnicodeLittle"/>
    <property name="sun.desktop" value="windows"/>
    <property name="sun.cpu.isalist" value="amd64"/>
  </properties>
  <testcase name="testVerifySendingEmail" classname="testcases.VerifyEmail" time="12.395"/>
  <testcase name="TestProcessingOfEmail" classname="testcases.VerifyEmail" time="4.187"/>
  <testcase name="TestUnProcessingOfEmail" classname="testcases.VerifyEmail" time="3.243"/>
  <testcase name="TestBatchProcessingOfEmail" classname="testcases.VerifyEmail" time="9.87"/>
  <testcase name="TestBatchUnProcessingOfEmail" classname="testcases.VerifyEmail" time="8.24"/>
  <testcase name="testTagToTopic" classname="testcases.VerifyEmail5" time="10.593"/>
  <testcase name="testMoveToSpam" classname="testcases.VerifyEmail1" time="4.289"/>
  <testcase name="testMarkAsNotSpam" classname="testcases.VerifyEmail1" time="2.744"/>
  <testcase name="TestBatchMovetoSpamOfEmail" classname="testcases.VerifyEmail1" time="8.638"/>
  <testcase name="TestBatchMovetoInboxOfSpamEmail" classname="testcases.VerifyEmail1" time="8.976"/>
  <testcase name="testTagToTopic" classname="testcases.VerifyEmail4" time="10.338"/>
  <testcase name="testBatchTagToTopic" classname="testcases.VerifyEmail4" time="13.546">
    <failure message="Batch Tag to Topic got failed expected [true] but found [false]" type="java.lang.AssertionError">java.lang.AssertionError: Batch Tag to Topic got failed expected [true] but found [false]
	at org.testng.Assert.fail(Assert.java:94)
	at org.testng.Assert.failNotEquals(Assert.java:494)
	at org.testng.Assert.assertEquals(Assert.java:123)
	at org.testng.Assert.assertEquals(Assert.java:286)
	at testcases.VerifyEmail4.testBatchTagToTopic(VerifyEmail4.java:126)
</failure>
  </testcase>
  <testcase name="testMarkAsUnread" classname="testcases.VerifyEmail3" time="9.005"/>
  <testcase name="testBatchUnread" classname="testcases.VerifyEmail3" time="7.307"/>
  <testcase name="testBatchRead" classname="testcases.VerifyEmail3" time="11.778"/>
  <testcase name="testMoveToTrash" classname="testcases.VerifyEmail2" time="4.343"/>
  <testcase name="testMoveToInboxFromTrashListing" classname="testcases.VerifyEmail2" time="3.786"/>
  <testcase name="TestBatchMoveToTrash" classname="testcases.VerifyEmail2" time="8.365"/>
  <testcase name="TestBatchMovetoInboxOfTrashEmail" classname="testcases.VerifyEmail2" time="8.295"/>
  <testcase name="TestDeleteForever" classname="testcases.VerifyEmail2" time="5.067"/>
</testsuite>